INFO:__main__:Запускаем тестирование
INFO:__main__:Площадь прямоугольника со сторонами 5x10 = 50
INFO:__main__:Площадь прямоугольника со сторонами 3x7 = 21
INFO:__main__:Завершаем тестирование
INFO:__main__:Запускаем тестирование
INFO:__main__:Площадь прямоугольника со сторонами 5x10 = 50
INFO:__main__:Площадь прямоугольника со сторонами 5x10 = 50
INFO:__main__:Сравнение "==" прямоугольников возвращает True
INFO:__main__:Площадь прямоугольника со сторонами 5x10 = 50
INFO:__main__:Площадь прямоугольника со сторонами 5x10 = 50
INFO:__main__:Завершаем тестирование
INFO:__main__:Запускаем тестирование
INFO:__main__:Площадь прямоугольника со сторонами 5x10 = 50
INFO:__main__:Площадь прямоугольника со сторонами 3x7 = 21
INFO:__main__:Сравнение "==" прямоугольников возвращает False
INFO:__main__:Площадь прямоугольника со сторонами 5x10 = 50
INFO:__main__:Площадь прямоугольника со сторонами 3x7 = 21
INFO:__main__:Завершаем тестирование
INFO:__main__:Запускаем тестирование
INFO:__main__:Площадь прямоугольника со сторонами 3x7 = 21
INFO:__main__:Площадь прямоугольника со сторонами 5x10 = 50
INFO:__main__:Сравнение "< прямоугольников возвращает False
INFO:__main__:Площадь прямоугольника со сторонами 3x7 = 21
INFO:__main__:Площадь прямоугольника со сторонами 5x10 = 50
INFO:__main__:Завершаем тестирование
INFO:__main__:Запускаем тестирование
INFO:__main__:Площадь прямоугольника со сторонами 3x7 = 21
INFO:__main__:Площадь прямоугольника со сторонами 5x10 = 50
INFO:__main__:Сравнение "<=" прямоугольников возвращает False
INFO:__main__:Площадь прямоугольника со сторонами 3x7 = 21
INFO:__main__:Площадь прямоугольника со сторонами 5x10 = 50
INFO:__main__:Завершаем тестирование
INFO:__main__:Запускаем тестирование
INFO:__main__:Площадь прямоугольника со сторонами 5x10 = 50
INFO:__main__:Площадь прямоугольника со сторонами 3x7 = 21
INFO:__main__:Сравнение "< прямоугольников возвращает False
INFO:__main__:Площадь прямоугольника со сторонами 5x10 = 50
INFO:__main__:Площадь прямоугольника со сторонами 3x7 = 21
INFO:__main__:Завершаем тестирование
INFO:__main__:Запускаем тестирование
INFO:__main__:Площадь прямоугольника со сторонами 5x10 = 50
INFO:__main__:Площадь прямоугольника со сторонами 3x7 = 21
INFO:__main__:Сравнение "<=" прямоугольников возвращает False
INFO:__main__:Площадь прямоугольника со сторонами 5x10 = 50
INFO:__main__:Площадь прямоугольника со сторонами 3x7 = 21
INFO:__main__:Завершаем тестирование
INFO:__main__:Запускаем тестирование
INFO:__main__:Периметр прямоугольника со сторонами 5x10 = 30
INFO:__main__:Периметр прямоугольника со сторонами 3x7 = 20
INFO:__main__:Завершаем тестирование
INFO:__main__:Запускаем тестирование
INFO:__main__:Разница прямоугольников = Прямоугольник со сторонами 2 и 3
INFO:__main__:Периметр прямоугольника со сторонами 2x3 = 10
INFO:__main__:Завершаем тестирование
INFO:__main__:Запускаем тестирование
INFO:__main__:Сумма прямоугольников = Прямоугольник со сторонами 8 и 17
INFO:__main__:Периметр прямоугольника со сторонами 8x17 = 50
INFO:__main__:Завершаем тестирование
